<?xml version="1.0" encoding="UTF-8"?>
<!-- Generated by org.testng.reporters.JUnitReportReporter -->
<testsuite hostname="Prasannakumar" failures="0" tests="4" name="mousehoverAction.demoforpriority" time="0.006" errors="0" timestamp="2024-08-13T20:36:49 IST" skipped="0">
  <testcase classname="mousehoverAction.demoforpriority" name="C" time="0.001"/>
  <system-out/>
  <testcase classname="mousehoverAction.demoforpriority" name="D" time="0.001"/>
  <system-out/>
  <testcase classname="mousehoverAction.demoforpriority" name="C" time="0.002"/>
  <system-out/>
  <testcase classname="mousehoverAction.demoforpriority" name="C" time="0.002"/>
  <system-out/>
</testsuite> <!-- mousehoverAction.demoforpriority -->
