<?xml version="1.0" encoding="UTF-8"?>
<!-- Generated by org.testng.reporters.JUnitReportReporter -->
<testsuite hostname="Prasannakumar" failures="0" tests="4" name="testngattriibutes.nopCommerces" time="53.362" errors="0" timestamp="2024-08-13T20:36:49 IST" skipped="0">
  <testcase classname="testngattriibutes.nopCommerces" name="Vierfylogin" time="19.675"/>
  <system-out/>
  <testcase classname="testngattriibutes.nopCommerces" name="Vierfylogin" time="9.940"/>
  <system-out/>
  <testcase classname="testngattriibutes.nopCommerces" name="Vierfylogin" time="9.688"/>
  <system-out/>
  <testcase classname="testngattriibutes.nopCommerces" name="Vierfylogin" time="14.059"/>
  <system-out/>
</testsuite> <!-- testngattriibutes.nopCommerces -->
