<?xml version="1.0" encoding="UTF-8"?>
<!-- Generated by org.testng.reporters.JUnitReportReporter -->
<testsuite hostname="Prasannakumar" failures="0" tests="4" name="mousehoverAction.CompleteMouserHoveraction" time="47.986" errors="0" timestamp="2024-08-13T20:36:49 IST" skipped="0">
  <testcase classname="mousehoverAction.CompleteMouserHoveraction" name="A" time="12.965"/>
  <system-out/>
  <testcase classname="mousehoverAction.CompleteMouserHoveraction" name="verifyMousemovement" time="16.332"/>
  <system-out/>
  <testcase classname="mousehoverAction.CompleteMouserHoveraction" name="verifyDragandDrop" time="4.677"/>
  <system-out/>
  <testcase classname="mousehoverAction.CompleteMouserHoveraction" name="verifyDoubleclick" time="14.012"/>
  <system-out/>
</testsuite> <!-- mousehoverAction.CompleteMouserHoveraction -->
