<?xml version="1.0" encoding="UTF-8"?>
<!-- Generated by org.testng.reporters.JUnitReportReporter -->
<testsuite hostname="Prasannakumar" failures="0" tests="1" name="mousehoverAction.AboutScreenshot" time="29.405" errors="0" timestamp="2024-08-13T20:36:49 IST" skipped="0">
  <testcase classname="mousehoverAction.AboutScreenshot" name="verifyLoginFunctionWithValidData" time="29.405"/>
  <system-out/>
</testsuite> <!-- mousehoverAction.AboutScreenshot -->
