<?xml version="1.0" encoding="UTF-8"?>
<!-- Generated by org.testng.reporters.JUnitReportReporter -->
<testsuite hostname="Prasannakumar" failures="0" tests="1" name="datadriventeating.GetDataFromExcelSheet" time="0.359" errors="0" timestamp="2024-08-21T20:36:56 IST" skipped="0">
  <testcase classname="datadriventeating.GetDataFromExcelSheet" name="HowtoGetAllrowsandColumnsFromTheSheet" time="0.359"/>
  <system-out/>
</testsuite> <!-- datadriventeating.GetDataFromExcelSheet -->
